2026-07-19 02:52:07,247 - INFO - GPU: NVIDIA GeForce RTX 4090
2026-07-19 02:52:07,270 - INFO - Predicate matrix: 32 classes × 64 attributes
2026-07-19 02:52:07,272 - INFO - Class filter: 15 classes, 6487 instances retained
2026-07-19 02:52:07,281 - INFO - Train split: 5189 samples, 15 classes, 64 attributes
2026-07-19 02:52:07,282 - INFO - === Attribute Pascal & Yahoo | Mode: KMEANS | K=15 | N=5189 | Runs=10 ===
2026-07-19 02:52:07,283 - INFO - Loaded cached features from cache/resnet101_apy_15_full.npz
2026-07-19 02:52:07,495 - INFO - Features: (5189, 2048) (0.2s)
2026-07-19 02:52:07,495 - INFO - --- Run 1/10 (seed=42) ---
2026-07-19 02:52:07,646 - INFO - Features z-scored before clustering
2026-07-19 02:52:14,233 - INFO -   NMI=0.5596  ACC=0.5184  ARI=0.3518  Sil=-0.0264
2026-07-19 02:52:14,233 - INFO - --- Run 2/10 (seed=43) ---
2026-07-19 02:52:14,384 - INFO - Features z-scored before clustering
2026-07-19 02:52:20,927 - INFO -   NMI=0.5952  ACC=0.6173  ARI=0.4014  Sil=-0.0280
2026-07-19 02:52:20,928 - INFO - --- Run 3/10 (seed=44) ---
2026-07-19 02:52:21,075 - INFO - Features z-scored before clustering
2026-07-19 02:52:27,078 - INFO -   NMI=0.5942  ACC=0.6234  ARI=0.4030  Sil=-0.0282
2026-07-19 02:52:27,078 - INFO - --- Run 4/10 (seed=45) ---
2026-07-19 02:52:27,220 - INFO - Features z-scored before clustering
2026-07-19 02:52:34,049 - INFO -   NMI=0.5895  ACC=0.5907  ARI=0.3703  Sil=-0.0325
2026-07-19 02:52:34,049 - INFO - --- Run 5/10 (seed=46) ---
2026-07-19 02:52:34,192 - INFO - Features z-scored before clustering
2026-07-19 02:52:40,426 - INFO -   NMI=0.5998  ACC=0.5666  ARI=0.4040  Sil=-0.0317
2026-07-19 02:52:40,426 - INFO - --- Run 6/10 (seed=47) ---
2026-07-19 02:52:40,568 - INFO - Features z-scored before clustering
2026-07-19 02:52:46,797 - INFO -   NMI=0.5524  ACC=0.5406  ARI=0.3340  Sil=-0.0162
2026-07-19 02:52:46,798 - INFO - --- Run 7/10 (seed=48) ---
2026-07-19 02:52:46,940 - INFO - Features z-scored before clustering
2026-07-19 02:52:53,177 - INFO -   NMI=0.5567  ACC=0.5510  ARI=0.3544  Sil=-0.0297
2026-07-19 02:52:53,177 - INFO - --- Run 8/10 (seed=49) ---
2026-07-19 02:52:53,322 - INFO - Features z-scored before clustering
2026-07-19 02:52:59,724 - INFO -   NMI=0.5548  ACC=0.5573  ARI=0.3554  Sil=-0.0226
2026-07-19 02:52:59,724 - INFO - --- Run 9/10 (seed=50) ---
2026-07-19 02:52:59,866 - INFO - Features z-scored before clustering
2026-07-19 02:53:06,349 - INFO -   NMI=0.5971  ACC=0.6188  ARI=0.3996  Sil=-0.0324
2026-07-19 02:53:06,349 - INFO - --- Run 10/10 (seed=51) ---
2026-07-19 02:53:06,493 - INFO - Features z-scored before clustering
2026-07-19 02:53:12,636 - INFO -   NMI=0.5294  ACC=0.5180  ARI=0.3028  Sil=-0.0165
2026-07-19 02:53:12,637 - INFO - === Aggregated (10 runs) ===
2026-07-19 02:53:12,637 - INFO -   NMI: 0.5729 ± 0.0237
2026-07-19 02:53:12,637 - INFO -   ACC: 0.5702 ± 0.0383
2026-07-19 02:53:12,637 - INFO -   ARI: 0.3677 ± 0.0326
2026-07-19 02:53:12,640 - INFO - Cluster 00: top attributes -> Vert Cyl, Glass, Label, Shiny, Occluded
2026-07-19 02:53:12,640 - INFO - Cluster 01: top attributes -> Occluded, 3D Boxy, Furn. Back, Metal, Wood
2026-07-19 02:53:12,640 - INFO - Cluster 02: top attributes -> Row Wind, Glass, 3D Boxy, Metal, Occluded
2026-07-19 02:53:12,641 - INFO - Cluster 03: top attributes -> Head, Furry, Ear, Snout, Eye
2026-07-19 02:53:12,641 - INFO - Cluster 04: top attributes -> Furn. Back, Furn. Seat, Cloth, Occluded, Furn. Arm
2026-07-19 02:53:12,641 - INFO - Cluster 05: top attributes -> Metal, Window, 3D Boxy, Occluded, Wheel
2026-07-19 02:53:12,641 - INFO - Cluster 06: top attributes -> Feather, Head, Torso, Beak, Tail
2026-07-19 02:53:12,641 - INFO - Cluster 07: top attributes -> Rein, Cloth, 3D Boxy, Leather, Metal
2026-07-19 02:53:12,641 - INFO - Cluster 08: top attributes -> Metal, Wheel, Handlebars, Pedal, Occluded
2026-07-19 02:53:12,642 - INFO - Cluster 09: top attributes -> Metal, Occluded, Shiny, 3D Boxy, Window
2026-07-19 02:53:12,642 - INFO - Cluster 10: top attributes -> Furn. Back, Occluded, Furn. Seat, Wood, 3D Boxy
2026-07-19 02:53:12,642 - INFO - Cluster 11: top attributes -> Occluded, Wood, 2D Boxy, Furn. Leg, Round
2026-07-19 02:53:12,642 - INFO - Cluster 12: top attributes -> Head, Furry, Torso, Eye, Ear
2026-07-19 02:53:12,642 - INFO - Cluster 13: top attributes -> Head, Torso, Eye, Occluded, Leg
2026-07-19 02:53:12,642 - INFO - Cluster 14: top attributes -> Metal, Occluded, Window, Shiny, 3D Boxy
2026-07-19 02:53:25,814 - INFO - t-SNE plot saved to results_v2_std/apy_15/kmeans/tsne.png
2026-07-19 02:53:26,453 - INFO - PCA plot saved to results_v2_std/apy_15/kmeans/pca.png
2026-07-19 02:53:26,546 - INFO - Cluster examples saved to results_v2_std/apy_15/kmeans/cluster_samples
2026-07-19 02:53:26,550 - INFO - Results saved to results_v2_std/apy_15/kmeans/
2026-07-19 02:53:26,550 - INFO - Total time: 79.3s
