2026-07-19 02:50:39,831 - INFO - GPU: NVIDIA GeForce RTX 4090
2026-07-19 02:50:39,853 - INFO - Predicate matrix: 32 classes × 64 attributes
2026-07-19 02:50:39,855 - INFO - Class filter: 15 classes, 6487 instances retained
2026-07-19 02:50:39,864 - INFO - Train split: 5189 samples, 15 classes, 64 attributes
2026-07-19 02:50:39,865 - INFO - === Attribute Pascal & Yahoo | Mode: KMEANS | K=15 | N=5189 | Runs=10 ===
2026-07-19 02:50:39,866 - INFO - Loaded cached features from cache/resnet101_apy_15_full.npz
2026-07-19 02:50:40,064 - INFO - Features: (5189, 2048) (0.2s)
2026-07-19 02:50:40,065 - INFO - --- Run 1/10 (seed=42) ---
2026-07-19 02:50:47,098 - INFO -   NMI=0.6238  ACC=0.6057  ARI=0.4202  Sil=0.0512
2026-07-19 02:50:47,098 - INFO - --- Run 2/10 (seed=43) ---
2026-07-19 02:50:53,900 - INFO -   NMI=0.6516  ACC=0.6633  ARI=0.4607  Sil=0.0134
2026-07-19 02:50:53,900 - INFO - --- Run 3/10 (seed=44) ---
2026-07-19 02:51:00,421 - INFO -   NMI=0.6643  ACC=0.5741  ARI=0.4288  Sil=0.0097
2026-07-19 02:51:00,421 - INFO - --- Run 4/10 (seed=45) ---
2026-07-19 02:51:06,795 - INFO -   NMI=0.6689  ACC=0.5620  ARI=0.4326  Sil=0.0081
2026-07-19 02:51:06,795 - INFO - --- Run 5/10 (seed=46) ---
2026-07-19 02:51:13,677 - INFO -   NMI=0.6228  ACC=0.6007  ARI=0.4068  Sil=0.0116
2026-07-19 02:51:13,677 - INFO - --- Run 6/10 (seed=47) ---
2026-07-19 02:51:20,564 - INFO -   NMI=0.7044  ACC=0.6514  ARI=0.5138  Sil=0.0287
2026-07-19 02:51:20,564 - INFO - --- Run 7/10 (seed=48) ---
2026-07-19 02:51:26,830 - INFO -   NMI=0.6888  ACC=0.6855  ARI=0.5370  Sil=0.0292
2026-07-19 02:51:26,830 - INFO - --- Run 8/10 (seed=49) ---
2026-07-19 02:51:34,093 - INFO -   NMI=0.6474  ACC=0.5373  ARI=0.3895  Sil=0.0593
2026-07-19 02:51:34,094 - INFO - --- Run 9/10 (seed=50) ---
2026-07-19 02:51:40,702 - INFO -   NMI=0.7047  ACC=0.6535  ARI=0.5168  Sil=0.0287
2026-07-19 02:51:40,702 - INFO - --- Run 10/10 (seed=51) ---
2026-07-19 02:51:47,504 - INFO -   NMI=0.6785  ACC=0.6200  ARI=0.4719  Sil=0.0319
2026-07-19 02:51:47,505 - INFO - === Aggregated (10 runs) ===
2026-07-19 02:51:47,505 - INFO -   NMI: 0.6655 ± 0.0280
2026-07-19 02:51:47,505 - INFO -   ACC: 0.6153 ± 0.0458
2026-07-19 02:51:47,505 - INFO -   ARI: 0.4578 ± 0.0482
2026-07-19 02:51:47,508 - INFO - Cluster 00: top attributes -> Vert Cyl, Label, Glass, Occluded, Shiny
2026-07-19 02:51:47,508 - INFO - Cluster 01: top attributes -> Metal, Window, 3D Boxy, Wheel, Occluded
2026-07-19 02:51:47,508 - INFO - Cluster 02: top attributes -> Vert Cyl, Shiny, Glass, 3D Boxy, Round
2026-07-19 02:51:47,508 - INFO - Cluster 03: top attributes -> Head, Torso, Eye, Leg, Tail
2026-07-19 02:51:47,508 - INFO - Cluster 04: top attributes -> Furn. Back, Furn. Seat, Cloth, Occluded, Furn. Arm
2026-07-19 02:51:47,508 - INFO - Cluster 05: top attributes -> Occluded, Vert Cyl, Label, Glass, Shiny
2026-07-19 02:51:47,509 - INFO - Cluster 06: top attributes -> Furn. Back, Occluded, Furn. Seat, Wood, Cloth
2026-07-19 02:51:47,509 - INFO - Cluster 07: top attributes -> Rein, Cloth, 3D Boxy, Leather, Metal
2026-07-19 02:51:47,509 - INFO - Cluster 08: top attributes -> Row Wind, Glass, 3D Boxy, Metal, Occluded
2026-07-19 02:51:47,509 - INFO - Cluster 09: top attributes -> Head, Furry, Ear, Snout, Torso
2026-07-19 02:51:47,509 - INFO - Cluster 10: top attributes -> Occluded, Furn. Back, 3D Boxy, Wood, Metal
2026-07-19 02:51:47,509 - INFO - Cluster 11: top attributes -> Metal, 3D Boxy, Occluded, Wood, Window
2026-07-19 02:51:47,509 - INFO - Cluster 12: top attributes -> Head, Furry, Ear, Snout, Eye
2026-07-19 02:51:47,510 - INFO - Cluster 13: top attributes -> Metal, Occluded, Window, Shiny, 3D Boxy
2026-07-19 02:51:47,510 - INFO - Cluster 14: top attributes -> Metal, Wheel, Handlebars, Pedal, Occluded
2026-07-19 02:52:00,641 - INFO - t-SNE plot saved to results_v2_control/apy_15/kmeans/tsne.png
2026-07-19 02:52:01,297 - INFO - PCA plot saved to results_v2_control/apy_15/kmeans/pca.png
2026-07-19 02:52:01,610 - INFO - Cluster examples saved to results_v2_control/apy_15/kmeans/cluster_samples
2026-07-19 02:52:01,613 - INFO - Results saved to results_v2_control/apy_15/kmeans/
2026-07-19 02:52:01,613 - INFO - Total time: 81.7s
