\BOOKMARK [0][-]{Doc-Start}{\376\377\000A\000b\000s\000t\000r\000a\000c\000t}{}% 1
\BOOKMARK [0][-]{chapter*.1}{\376\377\000C\000o\000n\000t\000e\000n\000t\000s}{}% 2
\BOOKMARK [0][-]{chapter*.2}{\376\377\000L\000i\000s\000t\000\040\000o\000f\000\040\000F\000i\000g\000u\000r\000e\000s}{}% 3
\BOOKMARK [0][-]{chapter*.3}{\376\377\000L\000i\000s\000t\000\040\000o\000f\000\040\000T\000a\000b\000l\000e\000s}{}% 4
\BOOKMARK [0][-]{chapter.1}{\376\377\000I\000n\000t\000r\000o\000d\000u\000c\000t\000i\000o\000n}{}% 5
\BOOKMARK [1][-]{section.1.1}{\376\377\000B\000a\000c\000k\000g\000r\000o\000u\000n\000d}{chapter.1}% 6
\BOOKMARK [1][-]{section.1.2}{\376\377\000P\000r\000o\000b\000l\000e\000m\000\040\000S\000t\000a\000t\000e\000m\000e\000n\000t}{chapter.1}% 7
\BOOKMARK [2][-]{subsection.1.2.1}{\376\377\000F\000o\000r\000m\000a\000l\000\040\000P\000r\000o\000b\000l\000e\000m\000\040\000D\000e\000f\000i\000n\000i\000t\000i\000o\000n}{section.1.2}% 8
\BOOKMARK [2][-]{subsection.1.2.2}{\376\377\000K\000e\000y\000\040\000C\000h\000a\000l\000l\000e\000n\000g\000e\000s}{section.1.2}% 9
\BOOKMARK [1][-]{section.1.3}{\376\377\000R\000e\000s\000e\000a\000r\000c\000h\000\040\000O\000b\000j\000e\000c\000t\000i\000v\000e\000s}{chapter.1}% 10
\BOOKMARK [1][-]{section.1.4}{\376\377\000C\000o\000n\000t\000r\000i\000b\000u\000t\000i\000o\000n\000s}{chapter.1}% 11
\BOOKMARK [2][-]{subsection.1.4.1}{\376\377\000M\000e\000t\000h\000o\000d\000o\000l\000o\000g\000i\000c\000a\000l\000\040\000C\000o\000n\000t\000r\000i\000b\000u\000t\000i\000o\000n\000s}{section.1.4}% 12
\BOOKMARK [2][-]{subsection.1.4.2}{\376\377\000I\000m\000p\000l\000e\000m\000e\000n\000t\000a\000t\000i\000o\000n\000\040\000C\000o\000n\000t\000r\000i\000b\000u\000t\000i\000o\000n\000s}{section.1.4}% 13
\BOOKMARK [1][-]{section.1.5}{\376\377\000T\000h\000e\000s\000i\000s\000\040\000S\000t\000r\000u\000c\000t\000u\000r\000e}{chapter.1}% 14
\BOOKMARK [1][-]{section.1.6}{\376\377\000S\000c\000o\000p\000e\000\040\000a\000n\000d\000\040\000D\000e\000l\000i\000m\000i\000t\000a\000t\000i\000o\000n\000s}{chapter.1}% 15
\BOOKMARK [2][-]{subsection.1.6.1}{\376\377\000I\000n\000\040\000S\000c\000o\000p\000e}{section.1.6}% 16
\BOOKMARK [2][-]{subsection.1.6.2}{\376\377\000O\000u\000t\000\040\000o\000f\000\040\000S\000c\000o\000p\000e}{section.1.6}% 17
\BOOKMARK [0][-]{chapter.2}{\376\377\000L\000i\000t\000e\000r\000a\000t\000u\000r\000e\000\040\000R\000e\000v\000i\000e\000w}{}% 18
\BOOKMARK [1][-]{section.2.1}{\376\377\000D\000e\000e\000p\000\040\000E\000m\000b\000e\000d\000d\000e\000d\000\040\000C\000l\000u\000s\000t\000e\000r\000i\000n\000g\000\040\000w\000i\000t\000h\000\040\000C\000o\000n\000s\000e\000n\000s\000u\000s\000\040\000R\000e\000p\000r\000e\000s\000e\000n\000t\000a\000t\000i\000o\000n\000s\000\040\000\050\000D\000E\000C\000C\000S\000\051}{chapter.2}% 19
\BOOKMARK [2][-]{subsection.2.1.1}{\376\377\000R\000e\000l\000a\000t\000e\000d\000\040\000W\000o\000r\000k\000\040\000i\000n\000\040\000C\000o\000n\000s\000e\000n\000s\000u\000s\000\040\000C\000l\000u\000s\000t\000e\000r\000i\000n\000g\000\040\000a\000n\000d\000\040\000D\000e\000e\000p\000\040\000C\000l\000u\000s\000t\000e\000r\000i\000n\000g}{section.2.1}% 20
\BOOKMARK [2][-]{subsection.2.1.2}{\376\377\000M\000e\000t\000h\000o\000d\000o\000l\000o\000g\000y\000\040\000o\000f\000\040\000D\000E\000C\000C\000S}{section.2.1}% 21
\BOOKMARK [2][-]{subsection.2.1.3}{\376\377\000E\000x\000p\000e\000r\000i\000m\000e\000n\000t\000a\000l\000\040\000E\000v\000a\000l\000u\000a\000t\000i\000o\000n}{section.2.1}% 22
\BOOKMARK [1][-]{section.2.2}{\376\377\000D\000e\000e\000p\000\040\000D\000e\000s\000c\000r\000i\000p\000t\000i\000v\000e\000\040\000C\000l\000u\000s\000t\000e\000r\000i\000n\000g\000\040\000\050\000D\000D\000C\000\051}{chapter.2}% 23
\BOOKMARK [2][-]{subsection.2.2.1}{\376\377\000K\000e\000y\000\040\000A\000s\000p\000e\000c\000t\000s\000\040\000o\000f\000\040\000D\000e\000e\000p\000\040\000D\000e\000s\000c\000r\000i\000p\000t\000i\000v\000e\000\040\000C\000l\000u\000s\000t\000e\000r\000i\000n\000g\000\040\000\050\000D\000D\000C\000\051}{section.2.2}% 24
\BOOKMARK [2][-]{subsection.2.2.2}{\376\377\000E\000x\000p\000e\000r\000i\000m\000e\000n\000t\000s\000\040\000a\000n\000d\000\040\000F\000i\000n\000d\000i\000n\000g\000s}{section.2.2}% 25
\BOOKMARK [2][-]{subsection.2.2.3}{\376\377\000C\000o\000n\000c\000l\000u\000s\000i\000o\000n\000\040\000a\000n\000d\000\040\000F\000u\000t\000u\000r\000e\000\040\000D\000i\000r\000e\000c\000t\000i\000o\000n\000s}{section.2.2}% 26
\BOOKMARK [1][-]{section.2.3}{\376\377\000R\000e\000l\000a\000t\000e\000d\000\040\000W\000o\000r\000k\000s}{chapter.2}% 27
\BOOKMARK [2][-]{subsection.2.3.1}{\376\377\000D\000e\000e\000p\000\040\000E\000m\000b\000e\000d\000d\000e\000d\000\040\000C\000l\000u\000s\000t\000e\000r\000i\000n\000g\000:\000\040\000A\000\040\000G\000e\000n\000e\000r\000a\000l\000\040\000A\000p\000p\000r\000o\000a\000c\000h\000\040\000t\000o\000\040\000C\000l\000u\000s\000t\000e\000r\000i\000n\000g\000\040\000A\000r\000b\000i\000t\000r\000a\000r\000y\000\040\000S\000i\000m\000i\000l\000a\000r\000i\000t\000y\000\040\000M\000e\000a\000s\000u\000r\000e\000s\000\040\000b\000y\000\040\000J\000.\000\040\000X\000i\000e\000,\000\040\000R\000.\000\040\000G\000i\000r\000s\000h\000i\000c\000k\000,\000\040\000a\000n\000d\000\040\000A\000.\000\040\000F\000a\000r\000h\000a\000d\000i\000\040\000\050\0002\0000\0001\0006\000\051}{section.2.3}% 28
\BOOKMARK [2][-]{subsection.2.3.2}{\376\377\000A\000u\000t\000o\000-\000E\000n\000c\000o\000d\000i\000n\000g\000\040\000V\000a\000r\000i\000a\000t\000i\000o\000n\000a\000l\000\040\000B\000a\000y\000e\000s\000\040\000b\000y\000\040\000D\000.\000\040\000P\000.\000\040\000K\000i\000n\000g\000m\000a\000\040\000a\000n\000d\000\040\000M\000.\000\040\000W\000e\000l\000l\000i\000n\000g\000\040\000\050\0002\0000\0001\0004\000\051}{section.2.3}% 29
\BOOKMARK [2][-]{subsection.2.3.3}{\376\377\000E\000x\000p\000l\000a\000i\000n\000a\000b\000l\000e\000-\000b\000y\000-\000D\000e\000s\000i\000g\000n\000\040\000A\000l\000g\000o\000r\000i\000t\000h\000m\000s}{section.2.3}% 30
\BOOKMARK [2][-]{subsection.2.3.4}{\376\377\000P\000o\000s\000t\000-\000p\000r\000o\000c\000e\000s\000s\000i\000n\000g\000\040\000E\000x\000p\000l\000a\000n\000a\000t\000i\000o\000n\000\040\000M\000e\000t\000h\000o\000d\000s}{section.2.3}% 31
\BOOKMARK [2][-]{subsection.2.3.5}{\376\377\000O\000t\000h\000e\000r\000\040\000R\000e\000l\000a\000t\000e\000d\000\040\000W\000o\000r\000k\000s}{section.2.3}% 32
\BOOKMARK [1][-]{section.2.4}{\376\377\000C\000o\000m\000p\000r\000e\000h\000e\000n\000s\000i\000v\000e\000\040\000C\000o\000m\000p\000a\000r\000i\000s\000o\000n\000\040\000o\000f\000\040\000C\000l\000u\000s\000t\000e\000r\000i\000n\000g\000\040\000A\000p\000p\000r\000o\000a\000c\000h\000e\000s}{chapter.2}% 33
\BOOKMARK [2][-]{subsection.2.4.1}{\376\377\000T\000a\000x\000o\000n\000o\000m\000y\000\040\000o\000f\000\040\000D\000e\000e\000p\000\040\000C\000l\000u\000s\000t\000e\000r\000i\000n\000g\000\040\000M\000e\000t\000h\000o\000d\000s}{section.2.4}% 34
\BOOKMARK [2][-]{subsection.2.4.2}{\376\377\000D\000e\000t\000a\000i\000l\000e\000d\000\040\000M\000e\000t\000h\000o\000d\000\040\000C\000o\000m\000p\000a\000r\000i\000s\000o\000n}{section.2.4}% 35
\BOOKMARK [2][-]{subsection.2.4.3}{\376\377\000Q\000u\000a\000n\000t\000i\000t\000a\000t\000i\000v\000e\000\040\000P\000e\000r\000f\000o\000r\000m\000a\000n\000c\000e\000\040\000C\000o\000m\000p\000a\000r\000i\000s\000o\000n}{section.2.4}% 36
\BOOKMARK [2][-]{subsection.2.4.4}{\376\377\000Q\000u\000a\000l\000i\000t\000a\000t\000i\000v\000e\000\040\000F\000e\000a\000t\000u\000r\000e\000\040\000C\000o\000m\000p\000a\000r\000i\000s\000o\000n}{section.2.4}% 37
\BOOKMARK [2][-]{subsection.2.4.5}{\376\377\000C\000o\000m\000p\000u\000t\000a\000t\000i\000o\000n\000a\000l\000\040\000C\000o\000m\000p\000l\000e\000x\000i\000t\000y\000\040\000A\000n\000a\000l\000y\000s\000i\000s}{section.2.4}% 38
\BOOKMARK [2][-]{subsection.2.4.6}{\376\377\000A\000p\000p\000l\000i\000c\000a\000b\000i\000l\000i\000t\000y\000\040\000A\000n\000a\000l\000y\000s\000i\000s}{section.2.4}% 39
\BOOKMARK [2][-]{subsection.2.4.7}{\376\377\000K\000e\000y\000\040\000I\000n\000n\000o\000v\000a\000t\000i\000o\000n\000s\000\040\000b\000y\000\040\000M\000e\000t\000h\000o\000d}{section.2.4}% 40
\BOOKMARK [2][-]{subsection.2.4.8}{\376\377\000L\000i\000m\000i\000t\000a\000t\000i\000o\000n\000s\000\040\000C\000o\000m\000p\000a\000r\000i\000s\000o\000n}{section.2.4}% 41
\BOOKMARK [1][-]{section.2.5}{\376\377\000E\000v\000o\000l\000u\000t\000i\000o\000n\000\040\000o\000f\000\040\000D\000e\000e\000p\000\040\000C\000l\000u\000s\000t\000e\000r\000i\000n\000g\000\040\000P\000a\000r\000a\000d\000i\000g\000m\000s}{chapter.2}% 42
\BOOKMARK [2][-]{subsection.2.5.1}{\376\377\000R\000e\000s\000e\000a\000r\000c\000h\000\040\000G\000a\000p\000s\000\040\000A\000d\000d\000r\000e\000s\000s\000e\000d}{section.2.5}% 43
\BOOKMARK [2][-]{subsection.2.5.2}{\376\377\000P\000o\000s\000i\000t\000i\000o\000n\000i\000n\000g\000\040\000i\000n\000\040\000t\000h\000e\000\040\000L\000i\000t\000e\000r\000a\000t\000u\000r\000e}{section.2.5}% 44
\BOOKMARK [1][-]{section.2.6}{\376\377\000S\000u\000m\000m\000a\000r\000y\000\040\000a\000n\000d\000\040\000I\000m\000p\000l\000i\000c\000a\000t\000i\000o\000n\000s\000\040\000f\000o\000r\000\040\000T\000h\000i\000s\000\040\000R\000e\000s\000e\000a\000r\000c\000h}{chapter.2}% 45
\BOOKMARK [2][-]{subsection.2.6.1}{\376\377\000K\000e\000y\000\040\000I\000n\000s\000i\000g\000h\000t\000s\000\040\000f\000r\000o\000m\000\040\000t\000h\000e\000\040\000L\000i\000t\000e\000r\000a\000t\000u\000r\000e}{section.2.6}% 46
\BOOKMARK [2][-]{subsection.2.6.2}{\376\377\000R\000e\000s\000e\000a\000r\000c\000h\000\040\000G\000a\000p}{section.2.6}% 47
\BOOKMARK [2][-]{subsection.2.6.3}{\376\377\000P\000o\000s\000i\000t\000i\000o\000n\000i\000n\000g\000\040\000o\000f\000\040\000O\000u\000r\000\040\000W\000o\000r\000k}{section.2.6}% 48
\BOOKMARK [0][-]{chapter.3}{\376\377\000M\000e\000t\000h\000o\000d\000o\000l\000o\000g\000y}{}% 49
\BOOKMARK [1][-]{section.3.1}{\376\377\000O\000v\000e\000r\000v\000i\000e\000w}{chapter.3}% 50
\BOOKMARK [2][-]{subsection.3.1.1}{\376\377\000M\000e\000t\000h\000o\000d\000o\000l\000o\000g\000i\000c\000a\000l\000\040\000C\000o\000n\000t\000r\000i\000b\000u\000t\000i\000o\000n\000s}{section.3.1}% 51
\BOOKMARK [2][-]{subsection.3.1.2}{\376\377\000R\000e\000s\000e\000a\000r\000c\000h\000\040\000D\000e\000s\000i\000g\000n}{section.3.1}% 52
\BOOKMARK [1][-]{section.3.2}{\376\377\000D\000a\000t\000a\000s\000e\000t\000\040\000P\000r\000e\000p\000a\000r\000a\000t\000i\000o\000n}{chapter.3}% 53
\BOOKMARK [2][-]{subsection.3.2.1}{\376\377\000A\000n\000i\000m\000a\000l\000s\000\040\000w\000i\000t\000h\000\040\000A\000t\000t\000r\000i\000b\000u\000t\000e\000s\000\040\0002\000\040\000\050\000A\000w\000A\0002\000\051\000\040\000D\000a\000t\000a\000s\000e\000t}{section.3.2}% 54
\BOOKMARK [2][-]{subsection.3.2.2}{\376\377\000S\000e\000m\000a\000n\000t\000i\000c\000\040\000A\000t\000t\000r\000i\000b\000u\000t\000e\000\040\000S\000t\000r\000u\000c\000t\000u\000r\000e}{section.3.2}% 55
\BOOKMARK [2][-]{subsection.3.2.3}{\376\377\000D\000a\000t\000a\000\040\000P\000r\000e\000p\000r\000o\000c\000e\000s\000s\000i\000n\000g\000\040\000P\000i\000p\000e\000l\000i\000n\000e}{section.3.2}% 56
\BOOKMARK [2][-]{subsection.3.2.4}{\376\377\000D\000a\000t\000a\000\040\000L\000o\000a\000d\000i\000n\000g\000\040\000I\000m\000p\000l\000e\000m\000e\000n\000t\000a\000t\000i\000o\000n}{section.3.2}% 57
\BOOKMARK [1][-]{section.3.3}{\376\377\000M\000o\000d\000e\000l\000\040\000A\000r\000c\000h\000i\000t\000e\000c\000t\000u\000r\000e}{chapter.3}% 58
\BOOKMARK [2][-]{subsection.3.3.1}{\376\377\000B\000a\000s\000e\000l\000i\000n\000e\000\040\000A\000u\000t\000o\000e\000n\000c\000o\000d\000e\000r\000\040\000\050\000A\000E\000\051}{section.3.3}% 59
\BOOKMARK [2][-]{subsection.3.3.2}{\376\377\000C\000o\000n\000s\000t\000r\000a\000i\000n\000e\000d\000\040\000A\000u\000t\000o\000e\000n\000c\000o\000d\000e\000r\000\040\000\050\000C\000A\000E\000\051}{section.3.3}% 60
\BOOKMARK [2][-]{subsection.3.3.3}{\376\377\000C\000o\000n\000s\000e\000n\000s\000u\000s\000\040\000C\000l\000u\000s\000t\000e\000r\000i\000n\000g\000\040\000I\000n\000t\000e\000g\000r\000a\000t\000i\000o\000n\000\040\000\050\000D\000E\000C\000C\000S\000\051}{section.3.3}% 61
\BOOKMARK [1][-]{section.3.4}{\376\377\000T\000r\000a\000i\000n\000i\000n\000g\000\040\000P\000r\000o\000c\000e\000d\000u\000r\000e}{chapter.3}% 62
\BOOKMARK [2][-]{subsection.3.4.1}{\376\377\000O\000p\000t\000i\000m\000i\000z\000a\000t\000i\000o\000n\000\040\000S\000t\000r\000a\000t\000e\000g\000y}{section.3.4}% 63
\BOOKMARK [2][-]{subsection.3.4.2}{\376\377\000T\000r\000a\000i\000n\000i\000n\000g\000\040\000A\000l\000g\000o\000r\000i\000t\000h\000m\000s}{section.3.4}% 64
\BOOKMARK [1][-]{section.3.5}{\376\377\000C\000l\000u\000s\000t\000e\000r\000i\000n\000g\000\040\000a\000n\000d\000\040\000E\000v\000a\000l\000u\000a\000t\000i\000o\000n}{chapter.3}% 65
\BOOKMARK [2][-]{subsection.3.5.1}{\376\377\000E\000m\000b\000e\000d\000d\000i\000n\000g\000\040\000E\000x\000t\000r\000a\000c\000t\000i\000o\000n}{section.3.5}% 66
\BOOKMARK [2][-]{subsection.3.5.2}{\376\377\000C\000o\000n\000s\000e\000n\000s\000u\000s\000\040\000C\000l\000u\000s\000t\000e\000r\000i\000n\000g}{section.3.5}% 67
\BOOKMARK [2][-]{subsection.3.5.3}{\376\377\000E\000v\000a\000l\000u\000a\000t\000i\000o\000n\000\040\000M\000e\000t\000r\000i\000c\000s}{section.3.5}% 68
\BOOKMARK [1][-]{section.3.6}{\376\377\000C\000l\000u\000s\000t\000e\000r\000\040\000E\000x\000p\000l\000a\000n\000a\000t\000i\000o\000n\000\040\000G\000e\000n\000e\000r\000a\000t\000i\000o\000n}{chapter.3}% 69
\BOOKMARK [2][-]{subsection.3.6.1}{\376\377\000A\000t\000t\000r\000i\000b\000u\000t\000e\000-\000B\000a\000s\000e\000d\000\040\000C\000h\000a\000r\000a\000c\000t\000e\000r\000i\000z\000a\000t\000i\000o\000n}{section.3.6}% 70
\BOOKMARK [2][-]{subsection.3.6.2}{\376\377\000T\000o\000p\000-\000K\000\040\000A\000t\000t\000r\000i\000b\000u\000t\000e\000\040\000S\000e\000l\000e\000c\000t\000i\000o\000n}{section.3.6}% 71
\BOOKMARK [2][-]{subsection.3.6.3}{\376\377\000E\000x\000p\000l\000a\000n\000a\000t\000i\000o\000n\000\040\000Q\000u\000a\000l\000i\000t\000y\000\040\000M\000e\000t\000r\000i\000c\000s}{section.3.6}% 72
\BOOKMARK [1][-]{section.3.7}{\376\377\000I\000m\000p\000l\000e\000m\000e\000n\000t\000a\000t\000i\000o\000n\000\040\000D\000e\000t\000a\000i\000l\000s}{chapter.3}% 73
\BOOKMARK [2][-]{subsection.3.7.1}{\376\377\000S\000o\000f\000t\000w\000a\000r\000e\000\040\000F\000r\000a\000m\000e\000w\000o\000r\000k}{section.3.7}% 74
\BOOKMARK [2][-]{subsection.3.7.2}{\376\377\000H\000a\000r\000d\000w\000a\000r\000e\000\040\000C\000o\000n\000f\000i\000g\000u\000r\000a\000t\000i\000o\000n}{section.3.7}% 75
\BOOKMARK [2][-]{subsection.3.7.3}{\376\377\000R\000e\000p\000r\000o\000d\000u\000c\000i\000b\000i\000l\000i\000t\000y}{section.3.7}% 76
\BOOKMARK [1][-]{section.3.8}{\376\377\000L\000i\000m\000i\000t\000a\000t\000i\000o\000n\000s\000\040\000a\000n\000d\000\040\000D\000e\000s\000i\000g\000n\000\040\000C\000h\000o\000i\000c\000e\000s}{chapter.3}% 77
\BOOKMARK [2][-]{subsection.3.8.1}{\376\377\000M\000e\000t\000h\000o\000d\000o\000l\000o\000g\000i\000c\000a\000l\000\040\000L\000i\000m\000i\000t\000a\000t\000i\000o\000n\000s}{section.3.8}% 78
\BOOKMARK [2][-]{subsection.3.8.2}{\376\377\000D\000e\000s\000i\000g\000n\000\040\000R\000a\000t\000i\000o\000n\000a\000l\000e}{section.3.8}% 79
\BOOKMARK [1][-]{section.3.9}{\376\377\000H\000y\000p\000e\000r\000p\000a\000r\000a\000m\000e\000t\000e\000r\000\040\000S\000e\000l\000e\000c\000t\000i\000o\000n}{chapter.3}% 80
\BOOKMARK [2][-]{subsection.3.9.1}{\376\377\000G\000r\000i\000d\000\040\000S\000e\000a\000r\000c\000h\000\040\000o\000n\000\040\000S\000a\000m\000p\000l\000e\000\040\000S\000u\000b\000s\000e\000t}{section.3.9}% 81
\BOOKMARK [2][-]{subsection.3.9.2}{\376\377\000T\000u\000n\000i\000n\000g\000\040\000R\000e\000s\000u\000l\000t\000s\000\040\000S\000u\000m\000m\000a\000r\000y}{section.3.9}% 82
\BOOKMARK [1][-]{section.3.10}{\376\377\000S\000u\000m\000m\000a\000r\000y\000\040\000o\000f\000\040\000M\000e\000t\000h\000o\000d\000o\000l\000o\000g\000i\000c\000a\000l\000\040\000C\000h\000o\000i\000c\000e\000s}{chapter.3}% 83
\BOOKMARK [0][-]{chapter.4}{\376\377\000R\000e\000s\000u\000l\000t\000s}{}% 84
\BOOKMARK [1][-]{section.4.1}{\376\377\000E\000x\000p\000e\000r\000i\000m\000e\000n\000t\000a\000l\000\040\000S\000e\000t\000u\000p}{chapter.4}% 85
\BOOKMARK [2][-]{subsection.4.1.1}{\376\377\000H\000y\000p\000e\000r\000p\000a\000r\000a\000m\000e\000t\000e\000r\000s}{section.4.1}% 86
\BOOKMARK [1][-]{section.4.2}{\376\377\000H\000y\000p\000e\000r\000p\000a\000r\000a\000m\000e\000t\000e\000r\000\040\000T\000u\000n\000i\000n\000g\000\040\000o\000n\000\040\000S\000a\000m\000p\000l\000e\000\040\000S\000u\000b\000s\000e\000t}{chapter.4}% 87
\BOOKMARK [2][-]{subsection.4.2.1}{\376\377\000G\000r\000i\000d\000\040\000S\000e\000a\000r\000c\000h\000\040\000C\000o\000n\000f\000i\000g\000u\000r\000a\000t\000i\000o\000n}{section.4.2}% 88
\BOOKMARK [2][-]{subsection.4.2.2}{\376\377\000S\000a\000m\000p\000l\000e\000-\000B\000a\000s\000e\000d\000\040\000T\000u\000n\000i\000n\000g\000\040\000R\000e\000s\000u\000l\000t\000s}{section.4.2}% 89
\BOOKMARK [1][-]{section.4.3}{\376\377\000F\000u\000l\000l\000-\000S\000c\000a\000l\000e\000\040\000R\000e\000s\000u\000l\000t\000s}{chapter.4}% 90
\BOOKMARK [2][-]{subsection.4.3.1}{\376\377\000C\000u\000r\000r\000e\000n\000t\000\040\000S\000t\000a\000t\000e}{section.4.3}% 91
\BOOKMARK [2][-]{subsection.4.3.2}{\376\377\000C\000o\000m\000p\000a\000r\000i\000s\000o\000n\000:\000\040\000S\000a\000m\000p\000l\000e\000\040\000v\000s\000.\000\040\000F\000u\000l\000l\000\040\000D\000a\000t\000a\000s\000e\000t}{section.4.3}% 92
\BOOKMARK [1][-]{section.4.4}{\376\377\000T\000r\000a\000i\000n\000i\000n\000g\000\040\000D\000y\000n\000a\000m\000i\000c\000s}{chapter.4}% 93
\BOOKMARK [2][-]{subsection.4.4.1}{\376\377\000L\000o\000s\000s\000\040\000C\000u\000r\000v\000e\000s}{section.4.4}% 94
\BOOKMARK [1][-]{section.4.5}{\376\377\000E\000m\000b\000e\000d\000d\000i\000n\000g\000\040\000S\000p\000a\000c\000e\000\040\000V\000i\000s\000u\000a\000l\000i\000z\000a\000t\000i\000o\000n}{chapter.4}% 95
\BOOKMARK [2][-]{subsection.4.5.1}{\376\377\000P\000C\000A\000\040\000P\000r\000o\000j\000e\000c\000t\000i\000o\000n\000s}{section.4.5}% 96
\BOOKMARK [2][-]{subsection.4.5.2}{\376\377\000t\000-\000S\000N\000E\000\040\000V\000i\000s\000u\000a\000l\000i\000z\000a\000t\000i\000o\000n}{section.4.5}% 97
\BOOKMARK [1][-]{section.4.6}{\376\377\000I\000d\000e\000n\000t\000i\000f\000i\000e\000d\000\040\000C\000h\000a\000l\000l\000e\000n\000g\000e\000s}{chapter.4}% 98
\BOOKMARK [2][-]{subsection.4.6.1}{\376\377\000T\000r\000a\000i\000n\000i\000n\000g\000\040\000D\000y\000n\000a\000m\000i\000c\000s\000\040\000i\000n\000\040\000D\000E\000C\000C\000S\000\040\000M\000o\000d\000e}{section.4.6}% 99
\BOOKMARK [2][-]{subsection.4.6.2}{\376\377\000A\000R\000I\000\040\000N\000e\000a\000r\000\040\000Z\000e\000r\000o}{section.4.6}% 100
\BOOKMARK [2][-]{subsection.4.6.3}{\376\377\000S\000e\000n\000s\000i\000t\000i\000v\000i\000t\000y\000\040\000t\000o\000\040\000H\000y\000p\000e\000r\000p\000a\000r\000a\000m\000e\000t\000e\000r\000s}{section.4.6}% 101
\BOOKMARK [1][-]{section.4.7}{\376\377\000S\000u\000m\000m\000a\000r\000y\000\040\000o\000f\000\040\000R\000e\000s\000u\000l\000t\000s}{chapter.4}% 102
\BOOKMARK [0][-]{chapter.5}{\376\377\000D\000i\000s\000c\000u\000s\000s\000i\000o\000n}{}% 103
\BOOKMARK [1][-]{section.5.1}{\376\377\000O\000v\000e\000r\000v\000i\000e\000w}{chapter.5}% 104
\BOOKMARK [1][-]{section.5.2}{\376\377\000A\000n\000a\000l\000y\000s\000i\000s\000\040\000o\000f\000\040\000S\000a\000m\000p\000l\000e\000-\000B\000a\000s\000e\000d\000\040\000T\000u\000n\000i\000n\000g\000\040\000R\000e\000s\000u\000l\000t\000s}{chapter.5}% 105
\BOOKMARK [2][-]{subsection.5.2.1}{\376\377\000P\000r\000o\000m\000i\000s\000i\000n\000g\000\040\000M\000e\000t\000r\000i\000c\000s\000\040\000o\000n\000\040\000S\000m\000a\000l\000l\000\040\000S\000a\000m\000p\000l\000e}{section.5.2}% 106
\BOOKMARK [2][-]{subsection.5.2.2}{\376\377\000W\000h\000y\000\040\000D\000i\000d\000\040\000E\000a\000r\000l\000i\000e\000r\000\040\000F\000u\000l\000l\000-\000S\000c\000a\000l\000e\000\040\000R\000u\000n\000s\000\040\000F\000a\000i\000l\000?}{section.5.2}% 107
\BOOKMARK [1][-]{section.5.3}{\376\377\000T\000h\000e\000\040\000C\000e\000n\000t\000r\000a\000l\000\040\000Q\000u\000e\000s\000t\000i\000o\000n}{chapter.5}% 108
\BOOKMARK [1][-]{section.5.4}{\376\377\000R\000e\000l\000a\000t\000i\000o\000n\000s\000h\000i\000p\000\040\000t\000o\000\040\000P\000r\000i\000o\000r\000\040\000W\000o\000r\000k}{chapter.5}% 109
\BOOKMARK [1][-]{section.5.5}{\376\377\000A\000n\000a\000l\000y\000s\000i\000s\000\040\000o\000f\000\040\000T\000r\000a\000i\000n\000i\000n\000g\000\040\000D\000y\000n\000a\000m\000i\000c\000s}{chapter.5}% 110
\BOOKMARK [2][-]{subsection.5.5.1}{\376\377\000L\000o\000s\000s\000\040\000C\000u\000r\000v\000e\000\040\000E\000v\000i\000d\000e\000n\000c\000e}{section.5.5}% 111
\BOOKMARK [2][-]{subsection.5.5.2}{\376\377\000H\000y\000p\000o\000t\000h\000e\000s\000i\000s\000:\000\040\000S\000c\000a\000l\000e\000-\000D\000e\000p\000e\000n\000d\000e\000n\000t\000\040\000I\000n\000s\000t\000a\000b\000i\000l\000i\000t\000y}{section.5.5}% 112
\BOOKMARK [1][-]{section.5.6}{\376\377\000R\000e\000s\000e\000a\000r\000c\000h\000\040\000Q\000u\000e\000s\000t\000i\000o\000n\000s\000:\000\040\000P\000a\000r\000t\000i\000a\000l\000\040\000A\000n\000s\000w\000e\000r\000s}{chapter.5}% 113
\BOOKMARK [2][-]{subsection.5.6.1}{\376\377\000R\000Q\0001\000:\000\040\000H\000o\000w\000\040\000c\000a\000n\000\040\000D\000D\000C\000\040\000b\000e\000\040\000i\000n\000t\000e\000g\000r\000a\000t\000e\000d\000\040\000i\000n\000t\000o\000\040\000D\000E\000C\000C\000S\000?}{section.5.6}% 114
\BOOKMARK [2][-]{subsection.5.6.2}{\376\377\000R\000Q\0002\000:\000\040\000I\000m\000p\000a\000c\000t\000\040\000o\000n\000\040\000C\000l\000u\000s\000t\000e\000r\000i\000n\000g\000\040\000P\000e\000r\000f\000o\000r\000m\000a\000n\000c\000e}{section.5.6}% 115
\BOOKMARK [2][-]{subsection.5.6.3}{\376\377\000R\000Q\0003\000:\000\040\000P\000e\000r\000f\000o\000r\000m\000a\000n\000c\000e\000\040\000o\000n\000\040\000A\000w\000A\0002\000\040\000D\000a\000t\000a\000s\000e\000t}{section.5.6}% 116
\BOOKMARK [1][-]{section.5.7}{\376\377\000L\000e\000s\000s\000o\000n\000s\000\040\000L\000e\000a\000r\000n\000e\000d}{chapter.5}% 117
\BOOKMARK [2][-]{subsection.5.7.1}{\376\377\000H\000y\000p\000e\000r\000p\000a\000r\000a\000m\000e\000t\000e\000r\000\040\000S\000e\000n\000s\000i\000t\000i\000v\000i\000t\000y}{section.5.7}% 118
\BOOKMARK [2][-]{subsection.5.7.2}{\376\377\000T\000h\000e\000\040\000I\000m\000p\000o\000r\000t\000a\000n\000c\000e\000\040\000o\000f\000\040\000S\000c\000a\000l\000e}{section.5.7}% 119
\BOOKMARK [2][-]{subsection.5.7.3}{\376\377\000H\000o\000n\000e\000s\000t\000\040\000R\000e\000p\000o\000r\000t\000i\000n\000g}{section.5.7}% 120
\BOOKMARK [1][-]{section.5.8}{\376\377\000P\000r\000o\000p\000o\000s\000e\000d\000\040\000P\000a\000t\000h\000\040\000F\000o\000r\000w\000a\000r\000d}{chapter.5}% 121
\BOOKMARK [2][-]{subsection.5.8.1}{\376\377\000I\000m\000m\000e\000d\000i\000a\000t\000e\000\040\000P\000r\000i\000o\000r\000i\000t\000y}{section.5.8}% 122
\BOOKMARK [2][-]{subsection.5.8.2}{\376\377\000I\000f\000\040\000F\000u\000l\000l\000-\000S\000c\000a\000l\000e\000\040\000R\000e\000s\000u\000l\000t\000s\000\040\000A\000r\000e\000\040\000G\000o\000o\000d}{section.5.8}% 123
\BOOKMARK [2][-]{subsection.5.8.3}{\376\377\000I\000f\000\040\000F\000u\000l\000l\000-\000S\000c\000a\000l\000e\000\040\000R\000e\000s\000u\000l\000t\000s\000\040\000A\000r\000e\000\040\000P\000o\000o\000r}{section.5.8}% 124
\BOOKMARK [1][-]{section.5.9}{\376\377\000S\000u\000m\000m\000a\000r\000y}{chapter.5}% 125
\BOOKMARK [0][-]{chapter.6}{\376\377\000C\000o\000n\000c\000l\000u\000s\000i\000o\000n}{}% 126
\BOOKMARK [1][-]{section.6.1}{\376\377\000S\000u\000m\000m\000a\000r\000y\000\040\000o\000f\000\040\000W\000o\000r\000k\000\040\000C\000o\000m\000p\000l\000e\000t\000e\000d}{chapter.6}% 127
\BOOKMARK [2][-]{subsection.6.1.1}{\376\377\000I\000m\000p\000l\000e\000m\000e\000n\000t\000a\000t\000i\000o\000n\000\040\000C\000o\000n\000t\000r\000i\000b\000u\000t\000i\000o\000n\000s}{section.6.1}% 128
\BOOKMARK [1][-]{section.6.2}{\376\377\000C\000u\000r\000r\000e\000n\000t\000\040\000S\000t\000a\000t\000u\000s\000:\000\040\000H\000o\000n\000e\000s\000t\000\040\000A\000s\000s\000e\000s\000s\000m\000e\000n\000t}{chapter.6}% 129
\BOOKMARK [2][-]{subsection.6.2.1}{\376\377\000W\000h\000a\000t\000\040\000W\000e\000\040\000K\000n\000o\000w}{section.6.2}% 130
\BOOKMARK [2][-]{subsection.6.2.2}{\376\377\000W\000h\000a\000t\000\040\000W\000e\000\040\000D\000o\000n\000'\000t\000\040\000K\000n\000o\000w}{section.6.2}% 131
\BOOKMARK [1][-]{section.6.3}{\376\377\000R\000e\000s\000e\000a\000r\000c\000h\000\040\000Q\000u\000e\000s\000t\000i\000o\000n\000s\000:\000\040\000S\000t\000a\000t\000u\000s}{chapter.6}% 132
\BOOKMARK [2][-]{subsection.6.3.1}{\376\377\000R\000Q\0001\000:\000\040\000H\000o\000w\000\040\000c\000a\000n\000\040\000D\000D\000C\000\040\000b\000e\000\040\000i\000n\000t\000e\000g\000r\000a\000t\000e\000d\000\040\000i\000n\000t\000o\000\040\000D\000E\000C\000C\000S\000?}{section.6.3}% 133
\BOOKMARK [2][-]{subsection.6.3.2}{\376\377\000R\000Q\0002\000:\000\040\000I\000m\000p\000a\000c\000t\000\040\000o\000n\000\040\000C\000l\000u\000s\000t\000e\000r\000i\000n\000g\000\040\000P\000e\000r\000f\000o\000r\000m\000a\000n\000c\000e}{section.6.3}% 134
\BOOKMARK [2][-]{subsection.6.3.3}{\376\377\000R\000Q\0003\000:\000\040\000P\000e\000r\000f\000o\000r\000m\000a\000n\000c\000e\000\040\000o\000n\000\040\000A\000w\000A\0002\000\040\000D\000a\000t\000a\000s\000e\000t}{section.6.3}% 135
\BOOKMARK [1][-]{section.6.4}{\376\377\000C\000o\000n\000c\000r\000e\000t\000e\000\040\000N\000e\000x\000t\000\040\000S\000t\000e\000p\000s}{chapter.6}% 136
\BOOKMARK [2][-]{subsection.6.4.1}{\376\377\000C\000r\000i\000t\000i\000c\000a\000l\000:\000\040\000F\000u\000l\000l\000-\000S\000c\000a\000l\000e\000\040\000V\000a\000l\000i\000d\000a\000t\000i\000o\000n}{section.6.4}% 137
\BOOKMARK [2][-]{subsection.6.4.2}{\376\377\000I\000f\000\040\000R\000e\000s\000u\000l\000t\000s\000\040\000A\000r\000e\000\040\000G\000o\000o\000d}{section.6.4}% 138
\BOOKMARK [2][-]{subsection.6.4.3}{\376\377\000I\000f\000\040\000R\000e\000s\000u\000l\000t\000s\000\040\000A\000r\000e\000\040\000P\000o\000o\000r}{section.6.4}% 139
\BOOKMARK [1][-]{section.6.5}{\376\377\000L\000e\000s\000s\000o\000n\000s\000\040\000L\000e\000a\000r\000n\000e\000d}{chapter.6}% 140
\BOOKMARK [2][-]{subsection.6.5.1}{\376\377\000O\000n\000\040\000E\000x\000p\000e\000r\000i\000m\000e\000n\000t\000a\000l\000\040\000M\000e\000t\000h\000o\000d\000o\000l\000o\000g\000y}{section.6.5}% 141
\BOOKMARK [2][-]{subsection.6.5.2}{\376\377\000O\000n\000\040\000H\000o\000n\000e\000s\000t\000\040\000R\000e\000p\000o\000r\000t\000i\000n\000g}{section.6.5}% 142
\BOOKMARK [1][-]{section.6.6}{\376\377\000B\000r\000o\000a\000d\000e\000r\000\040\000C\000o\000n\000t\000r\000i\000b\000u\000t\000i\000o\000n\000s}{chapter.6}% 143
\BOOKMARK [1][-]{section.6.7}{\376\377\000F\000i\000n\000a\000l\000\040\000R\000e\000m\000a\000r\000k\000s}{chapter.6}% 144
\BOOKMARK [0][-]{appendix.A}{\376\377\000A\000p\000p\000e\000n\000d\000i\000x\000\040\000A\000:\000\040\000I\000m\000p\000l\000e\000m\000e\000n\000t\000a\000t\000i\000o\000n\000\040\000D\000e\000t\000a\000i\000l\000s}{}% 145
\BOOKMARK [1][-]{section.A.1}{\376\377\000C\000o\000d\000e\000\040\000A\000r\000c\000h\000i\000t\000e\000c\000t\000u\000r\000e}{appendix.A}% 146
\BOOKMARK [1][-]{section.A.2}{\376\377\000H\000y\000p\000e\000r\000p\000a\000r\000a\000m\000e\000t\000e\000r\000\040\000T\000u\000n\000i\000n\000g\000\040\000S\000c\000r\000i\000p\000t}{appendix.A}% 147
\BOOKMARK [1][-]{section.A.3}{\376\377\000M\000o\000d\000e\000l\000\040\000A\000r\000c\000h\000i\000t\000e\000c\000t\000u\000r\000e\000\040\000D\000e\000t\000a\000i\000l\000s}{appendix.A}% 148
\BOOKMARK [2][-]{subsection.A.3.1}{\376\377\000A\000u\000t\000o\000e\000n\000c\000o\000d\000e\000r\000\040\000A\000r\000c\000h\000i\000t\000e\000c\000t\000u\000r\000e}{section.A.3}% 149
\BOOKMARK [2][-]{subsection.A.3.2}{\376\377\000P\000a\000r\000a\000m\000e\000t\000e\000r\000\040\000C\000o\000u\000n\000t}{section.A.3}% 150
\BOOKMARK [1][-]{section.A.4}{\376\377\000T\000r\000a\000i\000n\000i\000n\000g\000\040\000C\000o\000n\000f\000i\000g\000u\000r\000a\000t\000i\000o\000n}{appendix.A}% 151
\BOOKMARK [1][-]{section.A.5}{\376\377\000L\000o\000s\000s\000\040\000C\000o\000n\000f\000i\000g\000u\000r\000a\000t\000i\000o\000n}{appendix.A}% 152
\BOOKMARK [1][-]{section.A.6}{\376\377\000E\000n\000s\000e\000m\000b\000l\000e\000\040\000C\000l\000u\000s\000t\000e\000r\000i\000n\000g\000\040\000C\000o\000n\000f\000i\000g\000u\000r\000a\000t\000i\000o\000n}{appendix.A}% 153
\BOOKMARK [1][-]{section.A.7}{\376\377\000C\000o\000n\000s\000e\000n\000s\000u\000s\000\040\000M\000a\000t\000r\000i\000x\000\040\000C\000o\000n\000s\000t\000r\000u\000c\000t\000i\000o\000n}{appendix.A}% 154
\BOOKMARK [1][-]{section.A.8}{\376\377\000C\000o\000m\000m\000a\000n\000d\000\040\000L\000i\000n\000e\000\040\000I\000n\000t\000e\000r\000f\000a\000c\000e}{appendix.A}% 155
\BOOKMARK [1][-]{section.A.9}{\376\377\000O\000u\000t\000p\000u\000t\000\040\000F\000i\000l\000e\000s}{appendix.A}% 156
\BOOKMARK [1][-]{section.A.10}{\376\377\000R\000e\000p\000r\000o\000d\000u\000c\000i\000b\000i\000l\000i\000t\000y}{appendix.A}% 157
\BOOKMARK [1][-]{section.A.11}{\376\377\000K\000n\000o\000w\000n\000\040\000I\000s\000s\000u\000e\000s\000\040\000a\000n\000d\000\040\000W\000o\000r\000k\000a\000r\000o\000u\000n\000d\000s}{appendix.A}% 158
\BOOKMARK [0][-]{appendix.B}{\376\377\000A\000p\000p\000e\000n\000d\000i\000x\000\040\000B\000:\000\040\000V\000i\000s\000u\000a\000l\000i\000z\000a\000t\000i\000o\000n\000s}{}% 159
\BOOKMARK [1][-]{section.B.1}{\376\377\000E\000m\000b\000e\000d\000d\000i\000n\000g\000\040\000V\000i\000s\000u\000a\000l\000i\000z\000a\000t\000i\000o\000n\000s}{appendix.B}% 160
\BOOKMARK [2][-]{subsection.B.1.1}{\376\377\000P\000C\000A\000\040\000P\000r\000o\000j\000e\000c\000t\000i\000o\000n\000s}{section.B.1}% 161
\BOOKMARK [2][-]{subsection.B.1.2}{\376\377\000t\000-\000S\000N\000E\000\040\000V\000i\000s\000u\000a\000l\000i\000z\000a\000t\000i\000o\000n}{section.B.1}% 162
\BOOKMARK [1][-]{section.B.2}{\376\377\000T\000r\000a\000i\000n\000i\000n\000g\000\040\000L\000o\000s\000s\000\040\000C\000u\000r\000v\000e\000s}{appendix.B}% 163
\BOOKMARK [2][-]{subsection.B.2.1}{\376\377\000B\000a\000s\000e\000l\000i\000n\000e\000\040\000A\000u\000t\000o\000e\000n\000c\000o\000d\000e\000r}{section.B.2}% 164
\BOOKMARK [2][-]{subsection.B.2.2}{\376\377\000C\000o\000n\000s\000t\000r\000a\000i\000n\000e\000d\000\040\000A\000u\000t\000o\000e\000n\000c\000o\000d\000e\000r}{section.B.2}% 165
\BOOKMARK [2][-]{subsection.B.2.3}{\376\377\000D\000E\000C\000C\000S\000\040\000M\000o\000d\000e}{section.B.2}% 166
\BOOKMARK [1][-]{section.B.3}{\376\377\000A\000w\000A\0002\000\040\000D\000a\000t\000a\000s\000e\000t\000\040\000S\000t\000a\000t\000i\000s\000t\000i\000c\000s}{appendix.B}% 167
\BOOKMARK [2][-]{subsection.B.3.1}{\376\377\000D\000a\000t\000a\000s\000e\000t\000\040\000O\000v\000e\000r\000v\000i\000e\000w}{section.B.3}% 168
\BOOKMARK [2][-]{subsection.B.3.2}{\376\377\000A\000t\000t\000r\000i\000b\000u\000t\000e\000\040\000C\000a\000t\000e\000g\000o\000r\000i\000e\000s}{section.B.3}% 169
\BOOKMARK [2][-]{subsection.B.3.3}{\376\377\000S\000a\000m\000p\000l\000e\000\040\000C\000l\000a\000s\000s\000e\000s}{section.B.3}% 170
\BOOKMARK [1][-]{section.B.4}{\376\377\000F\000r\000a\000m\000e\000w\000o\000r\000k\000\040\000D\000i\000a\000g\000r\000a\000m\000s}{appendix.B}% 171
\BOOKMARK [2][-]{subsection.B.4.1}{\376\377\000D\000E\000C\000C\000S\000\040\000F\000r\000a\000m\000e\000w\000o\000r\000k}{section.B.4}% 172
\BOOKMARK [2][-]{subsection.B.4.2}{\376\377\000D\000D\000C\000\040\000F\000r\000a\000m\000e\000w\000o\000r\000k}{section.B.4}% 173
\BOOKMARK [1][-]{section.B.5}{\376\377\000P\000l\000a\000c\000e\000h\000o\000l\000d\000e\000r\000:\000\040\000R\000e\000s\000u\000l\000t\000s\000\040\000t\000o\000\040\000A\000d\000d\000\040\000A\000f\000t\000e\000r\000\040\000D\000e\000b\000u\000g\000g\000i\000n\000g}{appendix.B}% 174
\BOOKMARK [2][-]{subsection.B.5.1}{\376\377\000C\000l\000u\000s\000t\000e\000r\000\040\000D\000e\000s\000c\000r\000i\000p\000t\000i\000o\000n\000s}{section.B.5}% 175
\BOOKMARK [2][-]{subsection.B.5.2}{\376\377\000C\000l\000u\000s\000t\000e\000r\000\040\000P\000u\000r\000i\000t\000y\000\040\000A\000n\000a\000l\000y\000s\000i\000s}{section.B.5}% 176
\BOOKMARK [2][-]{subsection.B.5.3}{\376\377\000C\000o\000n\000f\000u\000s\000i\000o\000n\000\040\000M\000a\000t\000r\000i\000x}{section.B.5}% 177
\BOOKMARK [2][-]{subsection.B.5.4}{\376\377\000S\000a\000m\000p\000l\000e\000\040\000I\000m\000a\000g\000e\000s\000\040\000p\000e\000r\000\040\000C\000l\000u\000s\000t\000e\000r}{section.B.5}% 178
\BOOKMARK [0][-]{appendix*.4}{\376\377\000B\000i\000b\000l\000i\000o\000g\000r\000a\000p\000h\000y}{}% 179
